<?xml version="1.0" encoding="UTF-8"?>
<testng-results ignored="0" total="1" passed="1" failed="0" skipped="0">
  <reporter-output>
  </reporter-output>
  <suite started-at="2024-01-10T13:19:15 IST" name="Default suite" finished-at="2024-01-10T13:19:18 IST" duration-ms="3174">
    <groups>
      <group name="cucumber">
        <method signature="AbstractTestNGCucumberTests.runScenario(io.cucumber.testng.PickleWrapper,io.cucumber.testng.FeatureWrapper)[pri:0, instance:Runner.Actitime@7d0b7e3c]" name="runScenario" class="io.cucumber.testng.AbstractTestNGCucumberTests"/>
      </group> <!-- cucumber -->
    </groups>
    <test started-at="2024-01-10T13:19:15 IST" name="Default test" finished-at="2024-01-10T13:19:18 IST" duration-ms="3174">
      <class name="Runner.Actitime">
        <test-method is-config="true" signature="setUpClass(org.testng.ITestContext)[pri:0, instance:Runner.Actitime@7d0b7e3c]" started-at="2024-01-10T13:19:15 IST" name="setUpClass" finished-at="2024-01-10T13:19:15 IST" duration-ms="189" status="PASS">
          <params>
            <param index="0">
              <value>
                <![CDATA[org.testng.TestRunner@71dfcf21]]>
              </value>
            </param>
          </params>
          <reporter-output>
          </reporter-output>
        </test-method> <!-- setUpClass -->
        <test-method signature="runScenario(io.cucumber.testng.PickleWrapper,io.cucumber.testng.FeatureWrapper)[pri:0, instance:Runner.Actitime@7d0b7e3c]" started-at="2024-01-10T13:19:15 IST" name="runScenario" description="Runs Cucumber Scenarios" data-provider="scenarios" finished-at="2024-01-10T13:19:18 IST" duration-ms="2932" status="PASS">
          <params>
            <param index="0">
              <value>
                <![CDATA["Valid Login."]]>
              </value>
            </param>
            <param index="1">
              <value>
                <![CDATA["Login to Actitime."]]>
              </value>
            </param>
          </params>
          <reporter-output>
          </reporter-output>
        </test-method> <!-- runScenario -->
        <test-method is-config="true" signature="tearDownClass()[pri:0, instance:Runner.Actitime@7d0b7e3c]" started-at="2024-01-10T13:19:18 IST" name="tearDownClass" finished-at="2024-01-10T13:19:18 IST" duration-ms="5" status="PASS">
          <reporter-output>
          </reporter-output>
        </test-method> <!-- tearDownClass -->
      </class> <!-- Runner.Actitime -->
    </test> <!-- Default test -->
  </suite> <!-- Default suite -->
</testng-results>
